[2025-09-20T21:20:02.225Z] autopush starting in . branch=main
[2025-09-20T21:21:22.780Z] Watcher error: fatal: not a git repository (or any of the parent directories): .git

[2025-09-20T21:21:25.836Z] Watcher error: fatal: not a git repository (or any of the parent directories): .git

[2025-09-20T21:21:28.893Z] Watcher error: fatal: not a git repository (or any of the parent directories): .git

[2025-09-20T21:21:31.949Z] Watcher error: fatal: not a git repository (or any of the parent directories): .git

[2025-09-20T21:21:35.014Z] Watcher error: fatal: not a git repository (or any of the parent directories): .git

[2025-09-20T21:21:38.060Z] Watcher error: fatal: not a git repository (or any of the parent directories): .git

[2025-09-20T21:21:41.124Z] Watcher error: fatal: not a git repository (or any of the parent directories): .git

[2025-09-20T21:21:44.174Z] Watcher error: fatal: not a git repository (or any of the parent directories): .git

[2025-09-20T21:21:47.226Z] Watcher error: fatal: not a git repository (or any of the parent directories): .git

[2025-09-20T21:21:50.289Z] Watcher error: fatal: not a git repository (or any of the parent directories): .git

[2025-09-20T21:21:53.343Z] Watcher error: fatal: not a git repository (or any of the parent directories): .git

[2025-09-20T21:21:56.402Z] Watcher error: fatal: not a git repository (or any of the parent directories): .git

[2025-09-20T21:21:59.464Z] Watcher error: fatal: not a git repository (or any of the parent directories): .git

[2025-09-20T21:22:02.521Z] Watcher error: fatal: not a git repository (or any of the parent directories): .git

[2025-09-20T21:22:05.586Z] Watcher error: fatal: not a git repository (or any of the parent directories): .git

[2025-09-20T21:22:08.652Z] Watcher error: fatal: not a git repository (or any of the parent directories): .git

[2025-09-20T21:22:11.732Z] Watcher error: fatal: not a git repository (or any of the parent directories): .git

[2025-09-20T21:22:14.793Z] Watcher error: fatal: not a git repository (or any of the parent directories): .git

[2025-09-20T21:22:17.846Z] Watcher error: fatal: not a git repository (or any of the parent directories): .git

[2025-09-20T21:22:20.899Z] Watcher error: fatal: not a git repository (or any of the parent directories): .git

[2025-09-20T21:22:23.950Z] Watcher error: fatal: not a git repository (or any of the parent directories): .git

[2025-09-20T21:22:29.144Z] Watcher error: fatal: not a git repository (or any of the parent directories): .git

[2025-09-20T21:22:32.199Z] Watcher error: fatal: not a git repository (or any of the parent directories): .git

[2025-09-20T21:22:35.249Z] Watcher error: fatal: not a git repository (or any of the parent directories): .git

[2025-09-20T21:22:38.301Z] Watcher error: fatal: not a git repository (or any of the parent directories): .git

[2025-09-20T21:22:41.353Z] Watcher error: fatal: not a git repository (or any of the parent directories): .git

[2025-09-20T21:22:44.408Z] Watcher error: fatal: not a git repository (or any of the parent directories): .git

[2025-09-20T21:22:47.460Z] Watcher error: fatal: not a git repository (or any of the parent directories): .git

[2025-09-20T21:22:50.509Z] Watcher error: fatal: not a git repository (or any of the parent directories): .git

[2025-09-20T21:22:53.573Z] Watcher error: fatal: not a git repository (or any of the parent directories): .git

[2025-09-20T21:22:56.630Z] Watcher error: fatal: not a git repository (or any of the parent directories): .git

[2025-09-20T21:22:59.687Z] Watcher error: fatal: not a git repository (or any of the parent directories): .git

[2025-09-20T21:23:02.737Z] Watcher error: fatal: not a git repository (or any of the parent directories): .git

[2025-09-20T21:23:05.785Z] Watcher error: fatal: not a git repository (or any of the parent directories): .git

[2025-09-20T21:23:08.843Z] Watcher error: fatal: not a git repository (or any of the parent directories): .git

[2025-09-20T21:23:11.892Z] Watcher error: fatal: not a git repository (or any of the parent directories): .git

[2025-09-20T21:23:14.955Z] Watcher error: fatal: not a git repository (or any of the parent directories): .git

[2025-09-20T21:23:18.018Z] Watcher error: fatal: not a git repository (or any of the parent directories): .git

[2025-09-20T21:23:21.066Z] Watcher error: fatal: not a git repository (or any of the parent directories): .git

[2025-09-20T21:23:24.122Z] Watcher error: fatal: not a git repository (or any of the parent directories): .git

[2025-09-20T21:23:27.178Z] Watcher error: fatal: not a git repository (or any of the parent directories): .git

[2025-09-20T21:23:30.226Z] Watcher error: fatal: not a git repository (or any of the parent directories): .git

[2025-09-20T21:23:33.274Z] Watcher error: fatal: not a git repository (or any of the parent directories): .git

[2025-09-20T21:23:36.329Z] Watcher error: fatal: not a git repository (or any of the parent directories): .git

[2025-09-20T21:23:39.377Z] Watcher error: fatal: not a git repository (or any of the parent directories): .git

[2025-09-20T21:23:42.435Z] Watcher error: fatal: not a git repository (or any of the parent directories): .git

[2025-09-20T21:23:45.488Z] Watcher error: fatal: not a git repository (or any of the parent directories): .git

[2025-09-20T21:23:48.546Z] Watcher error: fatal: not a git repository (or any of the parent directories): .git

[2025-09-20T21:23:51.601Z] Watcher error: fatal: not a git repository (or any of the parent directories): .git

[2025-09-20T21:23:54.660Z] Watcher error: fatal: not a git repository (or any of the parent directories): .git

[2025-09-20T21:23:57.720Z] Watcher error: fatal: not a git repository (or any of the parent directories): .git

[2025-09-20T21:24:00.947Z] Watcher error: fatal: not a git repository (or any of the parent directories): .git

[2025-09-20T21:24:04.217Z] Watcher error: fatal: not a git repository (or any of the parent directories): .git

[2025-09-20T21:24:07.277Z] Watcher error: fatal: not a git repository (or any of the parent directories): .git

[2025-09-20T21:24:10.329Z] Watcher error: fatal: not a git repository (or any of the parent directories): .git

[2025-09-20T21:24:13.390Z] Watcher error: fatal: not a git repository (or any of the parent directories): .git

[2025-09-20T21:24:16.445Z] Watcher error: fatal: not a git repository (or any of the parent directories): .git

[2025-09-20T21:24:19.499Z] Watcher error: fatal: not a git repository (or any of the parent directories): .git

[2025-09-20T21:24:22.555Z] Watcher error: fatal: not a git repository (or any of the parent directories): .git

[2025-09-20T21:24:25.607Z] Watcher error: fatal: not a git repository (or any of the parent directories): .git

[2025-09-20T21:24:28.666Z] Watcher error: fatal: not a git repository (or any of the parent directories): .git

[2025-09-20T21:24:31.719Z] Watcher error: fatal: not a git repository (or any of the parent directories): .git

[2025-09-20T21:24:34.782Z] Watcher error: fatal: not a git repository (or any of the parent directories): .git

[2025-09-20T21:24:37.869Z] Watcher error: fatal: not a git repository (or any of the parent directories): .git

[2025-09-20T21:24:40.921Z] Watcher error: fatal: not a git repository (or any of the parent directories): .git

[2025-09-20T21:24:43.973Z] Watcher error: fatal: not a git repository (or any of the parent directories): .git

[2025-09-20T21:24:47.021Z] Watcher error: fatal: not a git repository (or any of the parent directories): .git

[2025-09-20T21:24:50.072Z] Watcher error: fatal: not a git repository (or any of the parent directories): .git

[2025-09-20T21:24:53.131Z] Watcher error: fatal: not a git repository (or any of the parent directories): .git

[2025-09-20T21:24:56.195Z] Watcher error: fatal: not a git repository (or any of the parent directories): .git

[2025-09-20T21:24:59.252Z] Watcher error: fatal: not a git repository (or any of the parent directories): .git

[2025-09-20T21:25:02.311Z] Watcher error: fatal: not a git repository (or any of the parent directories): .git

[2025-09-20T21:25:05.362Z] Watcher error: fatal: not a git repository (or any of the parent directories): .git

[2025-09-20T21:25:08.411Z] Watcher error: fatal: not a git repository (or any of the parent directories): .git

[2025-09-20T21:25:11.465Z] Watcher error: fatal: not a git repository (or any of the parent directories): .git

[2025-09-20T21:25:14.519Z] Watcher error: fatal: not a git repository (or any of the parent directories): .git

[2025-09-20T21:25:17.578Z] Watcher error: fatal: not a git repository (or any of the parent directories): .git

[2025-09-20T21:25:20.633Z] Watcher error: fatal: not a git repository (or any of the parent directories): .git

[2025-09-20T21:25:23.688Z] Watcher error: fatal: not a git repository (or any of the parent directories): .git

[2025-09-20T21:25:26.750Z] Watcher error: fatal: not a git repository (or any of the parent directories): .git

[2025-09-20T21:25:29.807Z] Watcher error: fatal: not a git repository (or any of the parent directories): .git

[2025-09-20T21:25:32.865Z] Watcher error: fatal: not a git repository (or any of the parent directories): .git

[2025-09-20T21:25:35.916Z] Watcher error: fatal: not a git repository (or any of the parent directories): .git

[2025-09-20T21:25:38.986Z] Watcher error: fatal: not a git repository (or any of the parent directories): .git

[2025-09-20T21:25:42.038Z] Watcher error: fatal: not a git repository (or any of the parent directories): .git

[2025-09-20T21:25:45.106Z] Watcher error: fatal: not a git repository (or any of the parent directories): .git

[2025-09-20T21:25:48.162Z] Watcher error: fatal: not a git repository (or any of the parent directories): .git

[2025-09-20T21:25:51.222Z] Watcher error: fatal: not a git repository (or any of the parent directories): .git

[2025-09-20T21:25:54.282Z] Watcher error: fatal: not a git repository (or any of the parent directories): .git

[2025-09-20T21:25:57.333Z] Watcher error: fatal: not a git repository (or any of the parent directories): .git

[2025-09-20T21:26:00.387Z] Watcher error: fatal: not a git repository (or any of the parent directories): .git

[2025-09-20T21:26:03.442Z] Watcher error: fatal: not a git repository (or any of the parent directories): .git

[2025-09-20T21:26:06.500Z] Watcher error: fatal: not a git repository (or any of the parent directories): .git

[2025-09-20T21:26:09.547Z] Watcher error: fatal: not a git repository (or any of the parent directories): .git

[2025-09-20T21:26:12.609Z] Changes detected: .devcontainer/Dockerfile, .devcontainer/apache-site.conf, .devcontainer/devcontainer.json, .devcontainer/docker-compose.yml, .github/workflows/php.yml, .gitignore, README.md, admin/assets/images/logos/Backup_of_Swordigo-logo.cdr, admin/assets/images/logos/Swordigo-logo.cdr, admin/assets/images/logos/icon.svg, admin/assets/images/logos/logo-black.svg, admin/assets/images/logos/logo-white.svg, admin/assets/images/products/KAT-001.jpg, assets/css/_base.scss, assets/css/_mixins.scss, assets/css/_variables.scss, assets/css/components/_bottom-nav.scss, assets/css/components/_cart-drawer.scss, assets/css/components/_footer.scss, assets/css/components/_navbar.scss, assets/css/components/_product-card.scss, assets/css/components/_sidebar.scss, assets/css/components/_top-navbar.scss, assets/css/main.css, assets/css/main.css.map, assets/css/main.scss, assets/css/pages/_home.scss, assets/images/customer-images/customer-1.jpg, assets/images/logos/Backup_of_Swordigo-logo.cdr, assets/images/logos/Swordigo-logo.cdr, assets/images/logos/icon.svg, assets/images/logos/logo-black.svg, assets/images/logos/logo-white.svg, assets/images/product-review-images/KAT-001.jpg, assets/images/product-review-images/KAT-002 (10).jpg, assets/images/product-review-images/KAT-002 (11).jpg, assets/images/product-review-images/KAT-002 (12).jpg, assets/images/product-review-images/KAT-002 (13).jpg, assets/images/product-review-images/KAT-002 (14).jpg, assets/images/product-review-images/KAT-002 (15).jpg, assets/images/product-review-images/KAT-002 (16).jpg, assets/images/product-review-images/KAT-002 (17).jpg, assets/images/product-review-images/KAT-002 (18).jpg, assets/images/product-review-images/KAT-002 (19).jpg, assets/images/product-review-images/KAT-002 (20).jpg, assets/images/product-review-images/KAT-002 (21).jpg, assets/images/product-review-images/KAT-002 (22).jpg, assets/images/product-review-images/KAT-002 (23).jpg, assets/images/product-review-images/KAT-002 (24).jpg, assets/images/product-review-images/KAT-002 (25).jpg, assets/images/product-review-images/KAT-002 (26).jpg, assets/images/product-review-images/KAT-002 (27).jpg, assets/images/product-review-images/KAT-002 (28).jpg, assets/images/product-review-images/KAT-002 (29).jpg, assets/images/product-review-images/KAT-002 (30).jpg, assets/images/product-review-images/KAT-002 (31).jpg, assets/images/product-review-images/KAT-002 (32).jpg, assets/images/product-review-images/KAT-002 (33).jpg, assets/images/product-review-images/KAT-002 (34).jpg, assets/images/product-review-images/KAT-002 (35).jpg, assets/images/product-review-images/KAT-002 (36).jpg, assets/images/product-review-images/KAT-002 (8).jpg, assets/images/product-review-images/KAT-002 (9).jpg, assets/images/product-review-images/KAT-002.jpg, assets/images/product-review-images/KAT-003.jpg, assets/images/product-review-images/KAT-004.jpg, assets/images/product-review-images/KAT-005.jpg, assets/images/product-review-images/KAT-006.jpg, assets/images/product-review-images/KAT-007.jpg, assets/images/product-review-images/KAT-008.jpg, assets/js/common/bottom-nav.js, assets/js/common/navbar.js, assets/js/common/pages/home.js, assets/js/common/sidebar.js, autopush.log, global-db/db.php, includes/common/bottom-nav.php, includes/common/cart.php, includes/common/footer.php, includes/common/head.php, includes/common/navbar.php, includes/common/sidebar.php, index.php, node_modules/.package-lock.json, node_modules/@kwsites/file-exists/CHANGELOG.md, node_modules/@kwsites/file-exists/LICENSE, node_modules/@kwsites/file-exists/dist/index.d.ts, node_modules/@kwsites/file-exists/dist/index.js, node_modules/@kwsites/file-exists/dist/index.js.map, node_modules/@kwsites/file-exists/dist/src/index.d.ts, node_modules/@kwsites/file-exists/dist/src/index.js, node_modules/@kwsites/file-exists/dist/src/index.js.map, node_modules/@kwsites/file-exists/dist/test/__mocks__/fs.d.ts, node_modules/@kwsites/file-exists/dist/test/__mocks__/fs.js, node_modules/@kwsites/file-exists/dist/test/__mocks__/fs.js.map, node_modules/@kwsites/file-exists/dist/test/exists.spec.d.ts, node_modules/@kwsites/file-exists/dist/test/exists.spec.js, node_modules/@kwsites/file-exists/dist/test/exists.spec.js.map, node_modules/@kwsites/file-exists/package.json, node_modules/@kwsites/file-exists/readme.md, node_modules/@kwsites/promise-deferred/LICENSE, node_modules/@kwsites/promise-deferred/dist/index.d.ts, node_modules/@kwsites/promise-deferred/dist/index.js, node_modules/@kwsites/promise-deferred/dist/index.js.map, node_modules/@kwsites/promise-deferred/package.json, node_modules/chokidar/LICENSE, node_modules/chokidar/README.md, node_modules/chokidar/esm/handler.d.ts, node_modules/chokidar/esm/handler.js, node_modules/chokidar/esm/index.d.ts, node_modules/chokidar/esm/index.js, node_modules/chokidar/esm/package.json, node_modules/chokidar/handler.d.ts, node_modules/chokidar/handler.js, node_modules/chokidar/index.d.ts, node_modules/chokidar/index.js, node_modules/chokidar/package.json, node_modules/debug/LICENSE, node_modules/debug/README.md, node_modules/debug/package.json, node_modules/debug/src/browser.js, node_modules/debug/src/common.js, node_modules/debug/src/index.js, node_modules/debug/src/node.js, node_modules/ms/index.js, node_modules/ms/license.md, node_modules/ms/package.json, node_modules/ms/readme.md, node_modules/readdirp/LICENSE, node_modules/readdirp/README.md, node_modules/readdirp/esm/index.d.ts, node_modules/readdirp/esm/index.js, node_modules/readdirp/esm/package.json, node_modules/readdirp/index.d.ts, node_modules/readdirp/index.js, node_modules/readdirp/package.json, node_modules/simple-git/dist/cjs/index.js, node_modules/simple-git/dist/cjs/index.js.map, node_modules/simple-git/dist/esm/index.js, node_modules/simple-git/dist/esm/index.js.map, node_modules/simple-git/dist/esm/package.json, node_modules/simple-git/dist/src/lib/api.d.ts, node_modules/simple-git/dist/src/lib/args/log-format.d.ts, node_modules/simple-git/dist/src/lib/args/pathspec.d.ts, node_modules/simple-git/dist/src/lib/errors/git-construct-error.d.ts, node_modules/simple-git/dist/src/lib/errors/git-error.d.ts, node_modules/simple-git/dist/src/lib/errors/git-plugin-error.d.ts, node_modules/simple-git/dist/src/lib/errors/git-response-error.d.ts, node_modules/simple-git/dist/src/lib/errors/task-configuration-error.d.ts, node_modules/simple-git/dist/src/lib/git-factory.d.ts, node_modules/simple-git/dist/src/lib/git-logger.d.ts, node_modules/simple-git/dist/src/lib/parsers/parse-branch-delete.d.ts, node_modules/simple-git/dist/src/lib/parsers/parse-branch.d.ts, node_modules/simple-git/dist/src/lib/parsers/parse-commit.d.ts, node_modules/simple-git/dist/src/lib/parsers/parse-diff-summary.d.ts, node_modules/simple-git/dist/src/lib/parsers/parse-fetch.d.ts, node_modules/simple-git/dist/src/lib/parsers/parse-list-log-summary.d.ts, node_modules/simple-git/dist/src/lib/parsers/parse-merge.d.ts, node_modules/simple-git/dist/src/lib/parsers/parse-move.d.ts, node_modules/simple-git/dist/src/lib/parsers/parse-pull.d.ts, node_modules/simple-git/dist/src/lib/parsers/parse-push.d.ts, node_modules/simple-git/dist/src/lib/parsers/parse-remote-messages.d.ts, node_modules/simple-git/dist/src/lib/parsers/parse-remote-objects.d.ts, node_modules/simple-git/dist/src/lib/plugins/abort-plugin.d.ts, node_modules/simple-git/dist/src/lib/plugins/block-unsafe-operations-plugin.d.ts, node_modules/simple-git/dist/src/lib/plugins/command-config-prefixing-plugin.d.ts, node_modules/simple-git/dist/src/lib/plugins/completion-detection.plugin.d.ts, node_modules/simple-git/dist/src/lib/plugins/custom-binary.plugin.d.ts, node_modules/simple-git/dist/src/lib/plugins/error-detection.plugin.d.ts, node_modules/simple-git/dist/src/lib/plugins/index.d.ts, node_modules/simple-git/dist/src/lib/plugins/plugin-store.d.ts, node_modules/simple-git/dist/src/lib/plugins/progress-monitor-plugin.d.ts, node_modules/simple-git/dist/src/lib/plugins/simple-git-plugin.d.ts, node_modules/simple-git/dist/src/lib/plugins/spawn-options-plugin.d.ts, node_modules/simple-git/dist/src/lib/plugins/suffix-paths.plugin.d.ts, node_modules/simple-git/dist/src/lib/plugins/timout-plugin.d.ts, node_modules/simple-git/dist/src/lib/responses/BranchDeleteSummary.d.ts, node_modules/simple-git/dist/src/lib/responses/BranchSummary.d.ts, node_modules/simple-git/dist/src/lib/responses/CheckIgnore.d.ts, node_modules/simple-git/dist/src/lib/responses/CleanSummary.d.ts, node_modules/simple-git/dist/src/lib/responses/ConfigList.d.ts, node_modules/simple-git/dist/src/lib/responses/DiffSummary.d.ts, node_modules/simple-git/dist/src/lib/responses/FileStatusSummary.d.ts, node_modules/simple-git/dist/src/lib/responses/GetRemoteSummary.d.ts, node_modules/simple-git/dist/src/lib/responses/InitSummary.d.ts, node_modules/simple-git/dist/src/lib/responses/MergeSummary.d.ts, node_modules/simple-git/dist/src/lib/responses/PullSummary.d.ts, node_modules/simple-git/dist/src/lib/responses/StatusSummary.d.ts, node_modules/simple-git/dist/src/lib/responses/TagList.d.ts, node_modules/simple-git/dist/src/lib/runners/git-executor-chain.d.ts, node_modules/simple-git/dist/src/lib/runners/git-executor.d.ts, node_modules/simple-git/dist/src/lib/runners/promise-wrapped.d.ts, node_modules/simple-git/dist/src/lib/runners/scheduler.d.ts, node_modules/simple-git/dist/src/lib/runners/tasks-pending-queue.d.ts, node_modules/simple-git/dist/src/lib/simple-git-api.d.ts, node_modules/simple-git/dist/src/lib/task-callback.d.ts, node_modules/simple-git/dist/src/lib/tasks/apply-patch.d.ts, node_modules/simple-git/dist/src/lib/tasks/branch.d.ts, node_modules/simple-git/dist/src/lib/tasks/change-working-directory.d.ts, node_modules/simple-git/dist/src/lib/tasks/check-ignore.d.ts, node_modules/simple-git/dist/src/lib/tasks/check-is-repo.d.ts, node_modules/simple-git/dist/src/lib/tasks/checkout.d.ts, node_modules/simple-git/dist/src/lib/tasks/clean.d.ts, node_modules/simple-git/dist/src/lib/tasks/clone.d.ts, node_modules/simple-git/dist/src/lib/tasks/commit.d.ts, node_modules/simple-git/dist/src/lib/tasks/config.d.ts, node_modules/simple-git/dist/src/lib/tasks/count-objects.d.ts, node_modules/simple-git/dist/src/lib/tasks/diff-name-status.d.ts, node_modules/simple-git/dist/src/lib/tasks/diff.d.ts, node_modules/simple-git/dist/src/lib/tasks/fetch.d.ts, node_modules/simple-git/dist/src/lib/tasks/first-commit.d.ts, node_modules/simple-git/dist/src/lib/tasks/grep.d.ts, node_modules/simple-git/dist/src/lib/tasks/hash-object.d.ts, node_modules/simple-git/dist/src/lib/tasks/init.d.ts, node_modules/simple-git/dist/src/lib/tasks/log.d.ts, node_modules/simple-git/dist/src/lib/tasks/merge.d.ts, node_modules/simple-git/dist/src/lib/tasks/move.d.ts, node_modules/simple-git/dist/src/lib/tasks/pull.d.ts, node_modules/simple-git/dist/src/lib/tasks/push.d.ts, node_modules/simple-git/dist/src/lib/tasks/remote.d.ts, node_modules/simple-git/dist/src/lib/tasks/reset.d.ts, node_modules/simple-git/dist/src/lib/tasks/show.d.ts, node_modules/simple-git/dist/src/lib/tasks/stash-list.d.ts, node_modules/simple-git/dist/src/lib/tasks/status.d.ts, node_modules/simple-git/dist/src/lib/tasks/sub-module.d.ts, node_modules/simple-git/dist/src/lib/tasks/tag.d.ts, node_modules/simple-git/dist/src/lib/tasks/task.d.ts, node_modules/simple-git/dist/src/lib/tasks/version.d.ts, node_modules/simple-git/dist/src/lib/types/handlers.d.ts, node_modules/simple-git/dist/src/lib/types/index.d.ts, node_modules/simple-git/dist/src/lib/types/tasks.d.ts, node_modules/simple-git/dist/src/lib/utils/argument-filters.d.ts, node_modules/simple-git/dist/src/lib/utils/exit-codes.d.ts, node_modules/simple-git/dist/src/lib/utils/git-output-streams.d.ts, node_modules/simple-git/dist/src/lib/utils/index.d.ts, node_modules/simple-git/dist/src/lib/utils/line-parser.d.ts, node_modules/simple-git/dist/src/lib/utils/simple-git-options.d.ts, node_modules/simple-git/dist/src/lib/utils/task-options.d.ts, node_modules/simple-git/dist/src/lib/utils/task-parser.d.ts, node_modules/simple-git/dist/src/lib/utils/util.d.ts, node_modules/simple-git/dist/typings/errors.d.ts, node_modules/simple-git/dist/typings/index.d.ts, node_modules/simple-git/dist/typings/response.d.ts, node_modules/simple-git/dist/typings/simple-git.d.ts, node_modules/simple-git/dist/typings/types.d.ts, node_modules/simple-git/package.json, node_modules/simple-git/promise.js, node_modules/simple-git/readme.md, package-lock.json, package.json, pages/home.php, scripts/autopush-watcher.sh, scripts/autopush-windows.js
[2025-09-20T21:26:13.894Z] Committed: auto: workspace changes 2025-09-20T21:26:13.616Z
[2025-09-20T21:26:15.834Z] Push failed: To https://github.com/SharadJhariya/Swordigo.in.git
!	refs/heads/main:refs/heads/main	[rejected] (fetch first)
Done
Pushing to https://github.com/SharadJhariya/Swordigo.in.git
error: failed to push some refs to 'https://github.com/SharadJhariya/Swordigo.in.git'
hint: Updates were rejected because the remote contains work that you do not
hint: have locally. This is usually caused by another repository pushing to
hint: the same ref. If you want to integrate the remote changes, use
hint: 'git pull' before pushing again.
hint: See the 'Note about fast-forwards' in 'git push --help' for details.

[2025-09-20T21:26:18.903Z] Changes detected: autopush.log
[2025-09-20T21:26:19.089Z] Committed: auto: workspace changes 2025-09-20T21:26:19.008Z
[2025-09-20T21:26:20.764Z] Push failed: To https://github.com/SharadJhariya/Swordigo.in.git
!	refs/heads/main:refs/heads/main	[rejected] (non-fast-forward)
Done
Pushing to https://github.com/SharadJhariya/Swordigo.in.git
error: failed to push some refs to 'https://github.com/SharadJhariya/Swordigo.in.git'
hint: Updates were rejected because the tip of your current branch is behind
hint: its remote counterpart. If you want to integrate the remote changes,
hint: use 'git pull' before pushing again.
hint: See the 'Note about fast-forwards' in 'git push --help' for details.

[2025-09-20T21:26:23.839Z] Changes detected: autopush.log
[2025-09-20T21:26:24.098Z] Committed: auto: workspace changes 2025-09-20T21:26:23.960Z
[2025-09-20T21:26:25.807Z] Push failed: To https://github.com/SharadJhariya/Swordigo.in.git
!	refs/heads/main:refs/heads/main	[rejected] (non-fast-forward)
Done
Pushing to https://github.com/SharadJhariya/Swordigo.in.git
error: failed to push some refs to 'https://github.com/SharadJhariya/Swordigo.in.git'
hint: Updates were rejected because the tip of your current branch is behind
hint: its remote counterpart. If you want to integrate the remote changes,
hint: use 'git pull' before pushing again.
hint: See the 'Note about fast-forwards' in 'git push --help' for details.

[2025-09-20T21:26:28.865Z] Changes detected: autopush.log
[2025-09-20T21:26:29.051Z] Committed: auto: workspace changes 2025-09-20T21:26:28.966Z
[2025-09-20T21:26:30.681Z] Push failed: To https://github.com/SharadJhariya/Swordigo.in.git
!	refs/heads/main:refs/heads/main	[rejected] (non-fast-forward)
Done
Pushing to https://github.com/SharadJhariya/Swordigo.in.git
error: failed to push some refs to 'https://github.com/SharadJhariya/Swordigo.in.git'
hint: Updates were rejected because the tip of your current branch is behind
hint: its remote counterpart. If you want to integrate the remote changes,
hint: use 'git pull' before pushing again.
hint: See the 'Note about fast-forwards' in 'git push --help' for details.

[2025-09-20T21:26:33.752Z] Changes detected: autopush.log
[2025-09-20T21:26:33.939Z] Committed: auto: workspace changes 2025-09-20T21:26:33.855Z
[2025-09-20T21:26:35.571Z] Push failed: To https://github.com/SharadJhariya/Swordigo.in.git
!	refs/heads/main:refs/heads/main	[rejected] (non-fast-forward)
Done
Pushing to https://github.com/SharadJhariya/Swordigo.in.git
error: failed to push some refs to 'https://github.com/SharadJhariya/Swordigo.in.git'
hint: Updates were rejected because the tip of your current branch is behind
hint: its remote counterpart. If you want to integrate the remote changes,
hint: use 'git pull' before pushing again.
hint: See the 'Note about fast-forwards' in 'git push --help' for details.

[2025-09-20T21:26:38.637Z] Changes detected: autopush.log
[2025-09-20T21:26:38.821Z] Committed: auto: workspace changes 2025-09-20T21:26:38.741Z
[2025-09-20T21:26:40.461Z] Push failed: To https://github.com/SharadJhariya/Swordigo.in.git
!	refs/heads/main:refs/heads/main	[rejected] (non-fast-forward)
Done
Pushing to https://github.com/SharadJhariya/Swordigo.in.git
error: failed to push some refs to 'https://github.com/SharadJhariya/Swordigo.in.git'
hint: Updates were rejected because the tip of your current branch is behind
hint: its remote counterpart. If you want to integrate the remote changes,
hint: use 'git pull' before pushing again.
hint: See the 'Note about fast-forwards' in 'git push --help' for details.

[2025-09-20T21:26:43.521Z] Changes detected: autopush.log
[2025-09-20T21:26:43.715Z] Committed: auto: workspace changes 2025-09-20T21:26:43.626Z
[2025-09-20T21:26:45.325Z] Push failed: To https://github.com/SharadJhariya/Swordigo.in.git
!	refs/heads/main:refs/heads/main	[rejected] (non-fast-forward)
Done
Pushing to https://github.com/SharadJhariya/Swordigo.in.git
error: failed to push some refs to 'https://github.com/SharadJhariya/Swordigo.in.git'
hint: Updates were rejected because the tip of your current branch is behind
hint: its remote counterpart. If you want to integrate the remote changes,
hint: use 'git pull' before pushing again.
hint: See the 'Note about fast-forwards' in 'git push --help' for details.

[2025-09-20T21:26:48.380Z] Changes detected: autopush.log
[2025-09-20T21:26:48.563Z] Committed: auto: workspace changes 2025-09-20T21:26:48.480Z
[2025-09-20T21:26:50.141Z] Push failed: To https://github.com/SharadJhariya/Swordigo.in.git
!	refs/heads/main:refs/heads/main	[rejected] (non-fast-forward)
Done
Pushing to https://github.com/SharadJhariya/Swordigo.in.git
error: failed to push some refs to 'https://github.com/SharadJhariya/Swordigo.in.git'
hint: Updates were rejected because the tip of your current branch is behind
hint: its remote counterpart. If you want to integrate the remote changes,
hint: use 'git pull' before pushing again.
hint: See the 'Note about fast-forwards' in 'git push --help' for details.

[2025-09-20T21:26:53.199Z] Changes detected: autopush.log
[2025-09-20T21:26:53.385Z] Committed: auto: workspace changes 2025-09-20T21:26:53.301Z
[2025-09-20T21:26:55.138Z] Push failed: To https://github.com/SharadJhariya/Swordigo.in.git
!	refs/heads/main:refs/heads/main	[rejected] (non-fast-forward)
Done
Pushing to https://github.com/SharadJhariya/Swordigo.in.git
error: failed to push some refs to 'https://github.com/SharadJhariya/Swordigo.in.git'
hint: Updates were rejected because the tip of your current branch is behind
hint: its remote counterpart. If you want to integrate the remote changes,
hint: use 'git pull' before pushing again.
hint: See the 'Note about fast-forwards' in 'git push --help' for details.

[2025-09-20T21:26:58.195Z] Changes detected: autopush.log
[2025-09-20T21:26:58.379Z] Committed: auto: workspace changes 2025-09-20T21:26:58.297Z
[2025-09-20T21:26:59.997Z] Push failed: To https://github.com/SharadJhariya/Swordigo.in.git
!	refs/heads/main:refs/heads/main	[rejected] (non-fast-forward)
Done
Pushing to https://github.com/SharadJhariya/Swordigo.in.git
error: failed to push some refs to 'https://github.com/SharadJhariya/Swordigo.in.git'
hint: Updates were rejected because the tip of your current branch is behind
hint: its remote counterpart. If you want to integrate the remote changes,
hint: use 'git pull' before pushing again.
hint: See the 'Note about fast-forwards' in 'git push --help' for details.

[2025-09-20T21:27:03.074Z] Changes detected: autopush.log
[2025-09-20T21:27:03.266Z] Committed: auto: workspace changes 2025-09-20T21:27:03.181Z
[2025-09-20T21:27:04.874Z] Push failed: To https://github.com/SharadJhariya/Swordigo.in.git
!	refs/heads/main:refs/heads/main	[rejected] (non-fast-forward)
Done
Pushing to https://github.com/SharadJhariya/Swordigo.in.git
error: failed to push some refs to 'https://github.com/SharadJhariya/Swordigo.in.git'
hint: Updates were rejected because the tip of your current branch is behind
hint: its remote counterpart. If you want to integrate the remote changes,
hint: use 'git pull' before pushing again.
hint: See the 'Note about fast-forwards' in 'git push --help' for details.

[2025-09-20T21:27:07.936Z] Changes detected: autopush.log
[2025-09-20T21:27:08.124Z] Committed: auto: workspace changes 2025-09-20T21:27:08.041Z
[2025-09-20T21:27:09.703Z] Push failed: To https://github.com/SharadJhariya/Swordigo.in.git
!	refs/heads/main:refs/heads/main	[rejected] (non-fast-forward)
Done
Pushing to https://github.com/SharadJhariya/Swordigo.in.git
error: failed to push some refs to 'https://github.com/SharadJhariya/Swordigo.in.git'
hint: Updates were rejected because the tip of your current branch is behind
hint: its remote counterpart. If you want to integrate the remote changes,
hint: use 'git pull' before pushing again.
hint: See the 'Note about fast-forwards' in 'git push --help' for details.

[2025-09-20T21:27:12.770Z] Changes detected: autopush.log
[2025-09-20T21:27:12.963Z] Committed: auto: workspace changes 2025-09-20T21:27:12.874Z
[2025-09-20T21:27:14.564Z] Push failed: To https://github.com/SharadJhariya/Swordigo.in.git
!	refs/heads/main:refs/heads/main	[rejected] (non-fast-forward)
Done
Pushing to https://github.com/SharadJhariya/Swordigo.in.git
error: failed to push some refs to 'https://github.com/SharadJhariya/Swordigo.in.git'
hint: Updates were rejected because the tip of your current branch is behind
hint: its remote counterpart. If you want to integrate the remote changes,
hint: use 'git pull' before pushing again.
hint: See the 'Note about fast-forwards' in 'git push --help' for details.

[2025-09-20T21:27:17.637Z] Changes detected: autopush.log
[2025-09-20T21:27:17.835Z] Committed: auto: workspace changes 2025-09-20T21:27:17.747Z
[2025-09-20T21:27:19.686Z] Push failed: To https://github.com/SharadJhariya/Swordigo.in.git
!	refs/heads/main:refs/heads/main	[rejected] (non-fast-forward)
Done
Pushing to https://github.com/SharadJhariya/Swordigo.in.git
error: failed to push some refs to 'https://github.com/SharadJhariya/Swordigo.in.git'
hint: Updates were rejected because the tip of your current branch is behind
hint: its remote counterpart. If you want to integrate the remote changes,
hint: use 'git pull' before pushing again.
hint: See the 'Note about fast-forwards' in 'git push --help' for details.

[2025-09-20T21:27:22.752Z] Changes detected: autopush.log
[2025-09-20T21:27:22.946Z] Committed: auto: workspace changes 2025-09-20T21:27:22.857Z
[2025-09-20T21:27:24.681Z] Push failed: To https://github.com/SharadJhariya/Swordigo.in.git
!	refs/heads/main:refs/heads/main	[rejected] (non-fast-forward)
Done
Pushing to https://github.com/SharadJhariya/Swordigo.in.git
error: failed to push some refs to 'https://github.com/SharadJhariya/Swordigo.in.git'
hint: Updates were rejected because the tip of your current branch is behind
hint: its remote counterpart. If you want to integrate the remote changes,
hint: use 'git pull' before pushing again.
hint: See the 'Note about fast-forwards' in 'git push --help' for details.

[2025-09-20T21:27:27.856Z] Changes detected: autopush.log
[2025-09-20T21:27:28.166Z] Committed: auto: workspace changes 2025-09-20T21:27:28.082Z
[2025-09-20T21:27:30.107Z] Push failed: To https://github.com/SharadJhariya/Swordigo.in.git
!	refs/heads/main:refs/heads/main	[rejected] (non-fast-forward)
Done
Pushing to https://github.com/SharadJhariya/Swordigo.in.git
error: failed to push some refs to 'https://github.com/SharadJhariya/Swordigo.in.git'
hint: Updates were rejected because the tip of your current branch is behind
hint: its remote counterpart. If you want to integrate the remote changes,
hint: use 'git pull' before pushing again.
hint: See the 'Note about fast-forwards' in 'git push --help' for details.

[2025-09-20T21:27:33.171Z] Changes detected: autopush.log
[2025-09-20T21:27:33.361Z] Committed: auto: workspace changes 2025-09-20T21:27:33.273Z
[2025-09-20T21:27:34.947Z] Push failed: To https://github.com/SharadJhariya/Swordigo.in.git
!	refs/heads/main:refs/heads/main	[rejected] (non-fast-forward)
Done
Pushing to https://github.com/SharadJhariya/Swordigo.in.git
error: failed to push some refs to 'https://github.com/SharadJhariya/Swordigo.in.git'
hint: Updates were rejected because the tip of your current branch is behind
hint: its remote counterpart. If you want to integrate the remote changes,
hint: use 'git pull' before pushing again.
hint: See the 'Note about fast-forwards' in 'git push --help' for details.

[2025-09-20T21:27:38.012Z] Changes detected: autopush.log
[2025-09-20T21:27:38.206Z] Committed: auto: workspace changes 2025-09-20T21:27:38.122Z
[2025-09-20T21:27:40.004Z] Push failed: To https://github.com/SharadJhariya/Swordigo.in.git
!	refs/heads/main:refs/heads/main	[rejected] (non-fast-forward)
Done
Pushing to https://github.com/SharadJhariya/Swordigo.in.git
error: failed to push some refs to 'https://github.com/SharadJhariya/Swordigo.in.git'
hint: Updates were rejected because the tip of your current branch is behind
hint: its remote counterpart. If you want to integrate the remote changes,
hint: use 'git pull' before pushing again.
hint: See the 'Note about fast-forwards' in 'git push --help' for details.

[2025-09-20T21:27:43.068Z] Changes detected: autopush.log
[2025-09-20T21:27:43.256Z] Committed: auto: workspace changes 2025-09-20T21:27:43.171Z
[2025-09-20T21:27:44.933Z] Push failed: To https://github.com/SharadJhariya/Swordigo.in.git
!	refs/heads/main:refs/heads/main	[rejected] (non-fast-forward)
Done
Pushing to https://github.com/SharadJhariya/Swordigo.in.git
error: failed to push some refs to 'https://github.com/SharadJhariya/Swordigo.in.git'
hint: Updates were rejected because the tip of your current branch is behind
hint: its remote counterpart. If you want to integrate the remote changes,
hint: use 'git pull' before pushing again.
hint: See the 'Note about fast-forwards' in 'git push --help' for details.

[2025-09-20T21:27:48.004Z] Changes detected: autopush.log
[2025-09-20T21:27:48.189Z] Committed: auto: workspace changes 2025-09-20T21:27:48.104Z
[2025-09-20T21:27:49.891Z] Push failed: To https://github.com/SharadJhariya/Swordigo.in.git
!	refs/heads/main:refs/heads/main	[rejected] (non-fast-forward)
Done
Pushing to https://github.com/SharadJhariya/Swordigo.in.git
error: failed to push some refs to 'https://github.com/SharadJhariya/Swordigo.in.git'
hint: Updates were rejected because the tip of your current branch is behind
hint: its remote counterpart. If you want to integrate the remote changes,
hint: use 'git pull' before pushing again.
hint: See the 'Note about fast-forwards' in 'git push --help' for details.

[2025-09-20T21:27:52.950Z] Changes detected: autopush.log
[2025-09-20T21:27:53.136Z] Committed: auto: workspace changes 2025-09-20T21:27:53.052Z
[2025-09-20T21:27:54.834Z] Push failed: To https://github.com/SharadJhariya/Swordigo.in.git
!	refs/heads/main:refs/heads/main	[rejected] (non-fast-forward)
Done
Pushing to https://github.com/SharadJhariya/Swordigo.in.git
error: failed to push some refs to 'https://github.com/SharadJhariya/Swordigo.in.git'
hint: Updates were rejected because the tip of your current branch is behind
hint: its remote counterpart. If you want to integrate the remote changes,
hint: use 'git pull' before pushing again.
hint: See the 'Note about fast-forwards' in 'git push --help' for details.

[2025-09-20T21:27:57.898Z] Changes detected: autopush.log
[2025-09-20T21:27:58.081Z] Committed: auto: workspace changes 2025-09-20T21:27:58.000Z
[2025-09-20T21:27:59.713Z] Push failed: To https://github.com/SharadJhariya/Swordigo.in.git
!	refs/heads/main:refs/heads/main	[rejected] (non-fast-forward)
Done
Pushing to https://github.com/SharadJhariya/Swordigo.in.git
error: failed to push some refs to 'https://github.com/SharadJhariya/Swordigo.in.git'
hint: Updates were rejected because the tip of your current branch is behind
hint: its remote counterpart. If you want to integrate the remote changes,
hint: use 'git pull' before pushing again.
hint: See the 'Note about fast-forwards' in 'git push --help' for details.

[2025-09-20T21:28:02.785Z] Changes detected: autopush.log
[2025-09-20T21:28:02.981Z] Committed: auto: workspace changes 2025-09-20T21:28:02.894Z
[2025-09-20T21:28:04.641Z] Push failed: To https://github.com/SharadJhariya/Swordigo.in.git
!	refs/heads/main:refs/heads/main	[rejected] (non-fast-forward)
Done
Pushing to https://github.com/SharadJhariya/Swordigo.in.git
error: failed to push some refs to 'https://github.com/SharadJhariya/Swordigo.in.git'
hint: Updates were rejected because the tip of your current branch is behind
hint: its remote counterpart. If you want to integrate the remote changes,
hint: use 'git pull' before pushing again.
hint: See the 'Note about fast-forwards' in 'git push --help' for details.

[2025-09-20T21:28:07.707Z] Changes detected: autopush.log
[2025-09-20T21:28:07.898Z] Committed: auto: workspace changes 2025-09-20T21:28:07.814Z
[2025-09-20T21:28:09.564Z] Push failed: To https://github.com/SharadJhariya/Swordigo.in.git
!	refs/heads/main:refs/heads/main	[rejected] (non-fast-forward)
Done
Pushing to https://github.com/SharadJhariya/Swordigo.in.git
error: failed to push some refs to 'https://github.com/SharadJhariya/Swordigo.in.git'
hint: Updates were rejected because the tip of your current branch is behind
hint: its remote counterpart. If you want to integrate the remote changes,
hint: use 'git pull' before pushing again.
hint: See the 'Note about fast-forwards' in 'git push --help' for details.

[2025-09-20T21:28:12.622Z] Changes detected: autopush.log
